Determining if the Q_WS_WIN exist failed with the following output:
Change Dir: /home/dave/git/PKGBUILDs-1/community/supercollider/src/SuperCollider-Source/bld/CMakeFiles/CMakeTmp

Run Build Command:/usr/bin/make "cmTryCompileExec1961556170/fast"
/usr/bin/make -f CMakeFiles/cmTryCompileExec1961556170.dir/build.make CMakeFiles/cmTryCompileExec1961556170.dir/build
make[1]: Entering directory '/home/dave/git/PKGBUILDs-1/community/supercollider/src/SuperCollider-Source/bld/CMakeFiles/CMakeTmp'
/usr/bin/cmake -E cmake_progress_report /home/dave/git/PKGBUILDs-1/community/supercollider/src/SuperCollider-Source/bld/CMakeFiles/CMakeTmp/CMakeFiles 1
Building CXX object CMakeFiles/cmTryCompileExec1961556170.dir/CheckSymbolExists.cxx.o
/usr/bin/c++    -march=armv6 -mfloat-abi=hard -mfpu=vfp -O2 -pipe -fstack-protector --param=ssp-buffer-size=4  -I/usr/include/qt4    -o CMakeFiles/cmTryCompileExec1961556170.dir/CheckSymbolExists.cxx.o -c /home/dave/git/PKGBUILDs-1/community/supercollider/src/SuperCollider-Source/bld/CMakeFiles/CMakeTmp/CheckSymbolExists.cxx
/home/dave/git/PKGBUILDs-1/community/supercollider/src/SuperCollider-Source/bld/CMakeFiles/CMakeTmp/CheckSymbolExists.cxx: In function ‘int main(int, char**)’:
/home/dave/git/PKGBUILDs-1/community/supercollider/src/SuperCollider-Source/bld/CMakeFiles/CMakeTmp/CheckSymbolExists.cxx:8:19: error: ‘Q_WS_WIN’ was not declared in this scope
CMakeFiles/cmTryCompileExec1961556170.dir/build.make:60: recipe for target 'CMakeFiles/cmTryCompileExec1961556170.dir/CheckSymbolExists.cxx.o' failed
make[1]: Leaving directory '/home/dave/git/PKGBUILDs-1/community/supercollider/src/SuperCollider-Source/bld/CMakeFiles/CMakeTmp'
make[1]: *** [CMakeFiles/cmTryCompileExec1961556170.dir/CheckSymbolExists.cxx.o] Error 1
Makefile:117: recipe for target 'cmTryCompileExec1961556170/fast' failed
make: *** [cmTryCompileExec1961556170/fast] Error 2

File /home/dave/git/PKGBUILDs-1/community/supercollider/src/SuperCollider-Source/bld/CMakeFiles/CMakeTmp/CheckSymbolExists.cxx:
/* */
#include <QtCore/qglobal.h>

int main(int argc, char** argv)
{
  (void)argv;
#ifndef Q_WS_WIN
  return ((int*)(&Q_WS_WIN))[argc];
#else
  (void)argc;
  return 0;
#endif
}

Determining if the Q_WS_QWS exist failed with the following output:
Change Dir: /home/dave/git/PKGBUILDs-1/community/supercollider/src/SuperCollider-Source/bld/CMakeFiles/CMakeTmp

Run Build Command:/usr/bin/make "cmTryCompileExec3443658976/fast"
/usr/bin/make -f CMakeFiles/cmTryCompileExec3443658976.dir/build.make CMakeFiles/cmTryCompileExec3443658976.dir/build
make[1]: Entering directory '/home/dave/git/PKGBUILDs-1/community/supercollider/src/SuperCollider-Source/bld/CMakeFiles/CMakeTmp'
/usr/bin/cmake -E cmake_progress_report /home/dave/git/PKGBUILDs-1/community/supercollider/src/SuperCollider-Source/bld/CMakeFiles/CMakeTmp/CMakeFiles 1
Building CXX object CMakeFiles/cmTryCompileExec3443658976.dir/CheckSymbolExists.cxx.o
/usr/bin/c++    -march=armv6 -mfloat-abi=hard -mfpu=vfp -O2 -pipe -fstack-protector --param=ssp-buffer-size=4  -I/usr/include/qt4    -o CMakeFiles/cmTryCompileExec3443658976.dir/CheckSymbolExists.cxx.o -c /home/dave/git/PKGBUILDs-1/community/supercollider/src/SuperCollider-Source/bld/CMakeFiles/CMakeTmp/CheckSymbolExists.cxx
/home/dave/git/PKGBUILDs-1/community/supercollider/src/SuperCollider-Source/bld/CMakeFiles/CMakeTmp/CheckSymbolExists.cxx: In function ‘int main(int, char**)’:
/home/dave/git/PKGBUILDs-1/community/supercollider/src/SuperCollider-Source/bld/CMakeFiles/CMakeTmp/CheckSymbolExists.cxx:8:19: error: ‘Q_WS_QWS’ was not declared in this scope
CMakeFiles/cmTryCompileExec3443658976.dir/build.make:60: recipe for target 'CMakeFiles/cmTryCompileExec3443658976.dir/CheckSymbolExists.cxx.o' failed
make[1]: Leaving directory '/home/dave/git/PKGBUILDs-1/community/supercollider/src/SuperCollider-Source/bld/CMakeFiles/CMakeTmp'
make[1]: *** [CMakeFiles/cmTryCompileExec3443658976.dir/CheckSymbolExists.cxx.o] Error 1
Makefile:117: recipe for target 'cmTryCompileExec3443658976/fast' failed
make: *** [cmTryCompileExec3443658976/fast] Error 2

File /home/dave/git/PKGBUILDs-1/community/supercollider/src/SuperCollider-Source/bld/CMakeFiles/CMakeTmp/CheckSymbolExists.cxx:
/* */
#include <QtCore/qglobal.h>

int main(int argc, char** argv)
{
  (void)argv;
#ifndef Q_WS_QWS
  return ((int*)(&Q_WS_QWS))[argc];
#else
  (void)argc;
  return 0;
#endif
}

Determining if the Q_WS_MAC exist failed with the following output:
Change Dir: /home/dave/git/PKGBUILDs-1/community/supercollider/src/SuperCollider-Source/bld/CMakeFiles/CMakeTmp

Run Build Command:/usr/bin/make "cmTryCompileExec175627801/fast"
/usr/bin/make -f CMakeFiles/cmTryCompileExec175627801.dir/build.make CMakeFiles/cmTryCompileExec175627801.dir/build
make[1]: Entering directory '/home/dave/git/PKGBUILDs-1/community/supercollider/src/SuperCollider-Source/bld/CMakeFiles/CMakeTmp'
/usr/bin/cmake -E cmake_progress_report /home/dave/git/PKGBUILDs-1/community/supercollider/src/SuperCollider-Source/bld/CMakeFiles/CMakeTmp/CMakeFiles 1
Building CXX object CMakeFiles/cmTryCompileExec175627801.dir/CheckSymbolExists.cxx.o
/usr/bin/c++    -march=armv6 -mfloat-abi=hard -mfpu=vfp -O2 -pipe -fstack-protector --param=ssp-buffer-size=4  -I/usr/include/qt4    -o CMakeFiles/cmTryCompileExec175627801.dir/CheckSymbolExists.cxx.o -c /home/dave/git/PKGBUILDs-1/community/supercollider/src/SuperCollider-Source/bld/CMakeFiles/CMakeTmp/CheckSymbolExists.cxx
/home/dave/git/PKGBUILDs-1/community/supercollider/src/SuperCollider-Source/bld/CMakeFiles/CMakeTmp/CheckSymbolExists.cxx: In function ‘int main(int, char**)’:
/home/dave/git/PKGBUILDs-1/community/supercollider/src/SuperCollider-Source/bld/CMakeFiles/CMakeTmp/CheckSymbolExists.cxx:8:19: error: ‘Q_WS_MAC’ was not declared in this scope
CMakeFiles/cmTryCompileExec175627801.dir/build.make:60: recipe for target 'CMakeFiles/cmTryCompileExec175627801.dir/CheckSymbolExists.cxx.o' failed
make[1]: Leaving directory '/home/dave/git/PKGBUILDs-1/community/supercollider/src/SuperCollider-Source/bld/CMakeFiles/CMakeTmp'
make[1]: *** [CMakeFiles/cmTryCompileExec175627801.dir/CheckSymbolExists.cxx.o] Error 1
Makefile:117: recipe for target 'cmTryCompileExec175627801/fast' failed
make: *** [cmTryCompileExec175627801/fast] Error 2

File /home/dave/git/PKGBUILDs-1/community/supercollider/src/SuperCollider-Source/bld/CMakeFiles/CMakeTmp/CheckSymbolExists.cxx:
/* */
#include <QtCore/qglobal.h>

int main(int argc, char** argv)
{
  (void)argv;
#ifndef Q_WS_MAC
  return ((int*)(&Q_WS_MAC))[argc];
#else
  (void)argc;
  return 0;
#endif
}

